Looking for git in: git
Using git 2.16.2 from git
> git rev-parse --show-toplevel
> git config --get commit.template
Open repository: /home/esraa
> git status -z -u
> git show :LaravelTask/database/migrations/2014_10_12_000000_create_users_table.php
> git check-ignore -z --stdin
> git symbolic-ref --short HEAD
> git rev-parse esraa
fatal: ambiguous argument 'esraa': unknown revision or path not in the working tree.
Use '--' to separate paths from revisions, like this:
'git <command> [<revision>...] -- [<file>...]'
> git for-each-ref --format %(refname) %(objectname) --sort -committerdate
> git remote --verbose
> git check-ignore -z --stdin
> git check-ignore -z --stdin
> git check-ignore -z --stdin
> git check-ignore -z --stdin
> git check-ignore -z --stdin
> git check-ignore -z --stdin
> git check-ignore -z --stdin
> git check-ignore -z --stdin
> git check-ignore -z --stdin
> git check-ignore -z --stdin
> git show :LaravelTask/app/Http/Controllers/EmpolyeeController.php
> git check-ignore -z --stdin
> git check-ignore -z --stdin
> git check-ignore -z --stdin
> git show :LaravelTask/app/User.php
> git show :LaravelTask/app/Http/Controllers/EmpolyeeController.php
> git show :LaravelTask/app/Http/Controllers/MyUserController.php
> git show :LaravelTask/database/migrations/2014_10_12_000000_create_users_table.php
> git show :LaravelTask/.env
> git show :LaravelTask/database/migrations/2014_10_12_000000_create_users_table.php
> git show :LaravelTask/database/migrations/2014_10_12_100000_create_password_resets_table.php
> git show :LaravelTask/database/migrations/2014_10_12_000000_create_users_table.php
> git show :LaravelTask/app/MyUser.php
> git show :LaravelTask/database/migrations/2014_10_12_000000_create_users_table.php
> git check-ignore -z --stdin
> git show :LaravelTask/database/migrations/2018_04_16_082448_create_employee_table.php
> git check-ignore -z --stdin
> git check-ignore -z --stdin
> git show :LaravelTask/app/Empolyee.php
> git show :LaravelTask/app/User.php
> git show :LaravelTask/database/migrations/2018_04_16_082448_create_employee_table.php
> git show :LaravelTask/database/migrations/2018_04_16_081300_create_employee_table.php
> git show :LaravelTask/database/migrations/2018_04_16_082448_create_employee_table.php
> git show :LaravelTask/database/migrations/2018_04_16_081300_create_employee_table.php
> git show :LaravelTask/app/User.php
> git show :LaravelTask/database/migrations/2018_04_16_082448_create_employee_table.php
> git check-ignore -z --stdin
> git check-ignore -z --stdin
> git check-ignore -z --stdin
> git check-ignore -z --stdin
> git check-ignore -z --stdin
> git show :LaravelTask/resources/views/home.blade.php
> git show :LaravelTask/app/Empolyee.php
> git show :LaravelTask/app/Http/Controllers/EmpolyeeController.php
> git show :LaravelTask/app/Empolyee.php
> git show :LaravelTask/resources/views/home.blade.php
> git show :LaravelTask/resources/views/layouts/addEmp.blade.php
> git check-ignore -z --stdin
> git check-ignore -z --stdin
> git show :LaravelTask/routes/web.php
> git show :LaravelTask/resources/views/home.blade.php
> git show :LaravelTask/resources/views/layouts/addEmp.blade.php
> git show :LaravelTask/routes/web.php
> git show :LaravelTask/resources/views/layouts/addEmp.blade.php
> git show :LaravelTask/app/Empolyee.php
> git show :LaravelTask/resources/views/layouts/addEmp.blade.php
> git show :LaravelTask/database/migrations/2018_04_16_082448_create_employee_table.php
> git show :LaravelTask/app/Http/Controllers/EmpolyeeController.php
> git show :LaravelTask/database/migrations/2018_04_16_082448_create_employee_table.php
> git show :LaravelTask/app/Http/Controllers/EmpolyeeController.php
> git show :LaravelTask/resources/views/home.blade.php
> git show :LaravelTask/resources/views/layouts/addEmp.blade.php
> git show :LaravelTask/app/Http/Controllers/EmpolyeeController.php
> git show :LaravelTask/routes/web.php
> git show :LaravelTask/app/Http/Controllers/EmpolyeeController.php
> git show :LaravelTask/resources/views/layouts/addEmp.blade.php
> git show :LaravelTask/routes/web.php
> git show :LaravelTask/resources/views/home.blade.php
> git show :LaravelTask/resources/views/layouts/addEmp.blade.php
> git show :LaravelTask/resources/views/layouts/create.php
> git check-ignore -z --stdin
> git show :LaravelTask/resources/views/layouts/create.blade.php
> git check-ignore -z --stdin
> git show :LaravelTask/app/Http/Controllers/EmpolyeeController.php
> git show :LaravelTask/resources/views/layouts/create.blade.php
> git show :LaravelTask/resources/views/layouts/master.blade.php
> git check-ignore -z --stdin
> git show :LaravelTask/resources/views/layouts/header.blade.php
> git show :LaravelTask/resources/views/layouts/footer.blade.php
> git show :LaravelTask/resources/views/layouts/create.blade.php
> git show :LaravelTask/resources/views/layouts/footer.blade.php
> git show :LaravelTask/resources/views/layouts/header.blade.php
> git show :LaravelTask/resources/views/layouts/master.blade.php
> git show :LaravelTask/resources/views/layouts/header.blade.php
> git show :LaravelTask/resources/views/layouts/master.blade.php
> git show :LaravelTask/resources/views/layouts/footer.blade.php
> git show :LaravelTask/resources/views/layouts/master.blade.php
> git show :LaravelTask/resources/views/layouts/create.blade.php
> git show :LaravelTask/resources/views/layouts/master.blade.php
> git show :LaravelTask/resources/views/home.blade.php
> git show :LaravelTask/resources/views/layouts/master.blade.php
> git show :LaravelTask/resources/views/layouts/create.blade.php
> git show :LaravelTask/app/Http/Controllers/EmpolyeeController.php
> git show :LaravelTask/resources/views/layouts/create.blade.php
> git show :LaravelTask/app/Http/Controllers/EmpolyeeController.php
> git show :LaravelTask/resources/views/layouts/create.blade.php
> git show :LaravelTask/app/Http/Controllers/EmpolyeeController.php
> git check-ignore -z --stdin
> git check-ignore -z --stdin
> git check-ignore -z --stdin
> git show :LaravelTask/app/Http/Controllers/EmpolyeeController.php
> git check-ignore -z --stdin
> git show :LaravelTask/resources/views/layouts/create.blade.php
> git show :LaravelTask/app/Http/Controllers/EmpolyeeController.php
> git show :LaravelTask/resources/views/welcome.blade.php
> git show :LaravelTask/resources/views/home.blade.php
> git check-ignore -z --stdin
> git check-ignore -z --stdin
> git check-ignore -z --stdin
> git show :LaravelTask/logs/20180416T095023/main.log
> git check-ignore -z --stdin
> git show :LaravelTask/logs/20180416T095023/output_1_20180416T095027/extension-output-#1.log
> git show :LaravelTask/logs/20180416T095023/output_1_20180416T095027/tasks.log
> git show :LaravelTask/logs/20180416T095023/output_1_20180416T095027/extensions.log
> git show :LaravelTask/logs/20180416T095023/output_1_20180416T095027/extension-output-#1.log
> git check-ignore -z --stdin
> git show :LaravelTask/logs/20180416T095023/main.log
> git check-ignore -z --stdin
> git check-ignore -z --stdin
> git show :LaravelTask/public/index.php
> git show :LaravelTask/resources/views/welcome.blade.php
> git show :LaravelTask/public/index.php
> git show :LaravelTask/app/Http/Controllers/EmpolyeeController.php
> git show :LaravelTask/resources/views/layouts/create.blade.php
> git check-ignore -z --stdin
> git check-ignore -z --stdin
> git show :LaravelTask/app/Http/Controllers/EmpolyeeController.php
> git show :LaravelTask/resources/views/layouts/create.blade.php
> git show :LaravelTask/app/Http/Controllers/EmpolyeeController.php
> git show :LaravelTask/app/Empolyee.php
> git show :LaravelTask/database/migrations/2018_04_16_082448_create_employee_table.php
> git show :LaravelTask/app/Http/Controllers/EmpolyeeController.php
> git show :LaravelTask/app/Empolyee.php
> git show :LaravelTask/app/User.php
> git show :LaravelTask/app/Empolyee.php
> git show :LaravelTask/app/User.php
> git show :LaravelTask/app/Http/Controllers/Controller.php
> git show :LaravelTask/app/Http/Controllers/HomeController.php
> git show :LaravelTask/app/Http/Controllers/Auth/LoginController.php
> git show :LaravelTask/database/migrations/2014_10_12_000000_create_users_table.php
> git check-ignore -z --stdin
> git check-ignore -z --stdin
> git check-ignore -z --stdin
> git check-ignore -z --stdin
> git check-ignore -z --stdin
> git show :LaravelTask/database/migrations/2014_10_12_000000_create_users_table.php
> git show :LaravelTask/resources/views/home.blade.php
> git show :LaravelTask/resources/views/auth/login.blade.php
> git show :LaravelTask/app/Http/Controllers/EmpolyeeController.php
> git show :LaravelTask/app/Http/Controllers/Auth/RegisterController.php
> git show :LaravelTask/resources/views/auth/login.blade.php
> git show :LaravelTask/resources/views/auth/register.blade.php
> git show :LaravelTask/resources/views/auth/login.blade.php
> git show :LaravelTask/resources/views/auth/register.blade.php
> git show :LaravelTask/resources/views/auth/passwords/email.blade.php
> git show :LaravelTask/resources/views/auth/login.blade.php
> git show :LaravelTask/database/migrations/2014_10_12_000000_create_users_table.php
> git show :LaravelTask/app/Http/Controllers/Auth/LoginController.php
> git show :LaravelTask/app/Http/Controllers/Auth/RegisterController.php
> git show :LaravelTask/app/Http/Controllers/Auth/LoginController.php
> git show :LaravelTask/app/Http/Controllers/Auth/ResetPasswordController.php
